<?xml version="1.0" encoding="UTF-8"?>
<!-- Generated by org.testng.reporters.JUnitXMLReporter -->
<testsuite ignored="7" hostname="DESKTOP-N2PLT4O" failures="0" tests="10" name="Default test" time="11.119" errors="0" timestamp="2025-05-04T17:00:13 EET">
  <testcase classname="Automatiofirstprojrct_april.Automatiofirstprojrct_april.AppTest" name="ChangeTheWebsitelanaguage" time="1.097"/>
  <testcase classname="Automatiofirstprojrct_april.Automatiofirstprojrct_april.AppTest" name="ChangeTheWebsitelanaguage" time="0.464"/>
  <testcase classname="Automatiofirstprojrct_april.Automatiofirstprojrct_april.AppTest" name="ChangeTheWebsitelanaguage" time="0.589"/>
  <testcase classname="Automatiofirstprojrct_april.Automatiofirstprojrct_april.AppTest" name="ChangeTheWebsitelanaguage" time="0.49"/>
  <testcase classname="Automatiofirstprojrct_april.Automatiofirstprojrct_april.AppTest" name="ChangeTheWebsitelanaguage" time="0.478"/>
  <testcase classname="Automatiofirstprojrct_april.Automatiofirstprojrct_april.AppTest" name="ChangeTheWebsitelanaguage" time="0.651"/>
  <testcase classname="Automatiofirstprojrct_april.Automatiofirstprojrct_april.AppTest" name="ChangeTheWebsitelanaguage" time="0.548"/>
  <testcase classname="Automatiofirstprojrct_april.Automatiofirstprojrct_april.AppTest" name="ChangeTheWebsitelanaguage" time="0.745"/>
  <testcase classname="Automatiofirstprojrct_april.Automatiofirstprojrct_april.AppTest" name="ChangeTheWebsitelanaguage" time="0.568"/>
  <testcase classname="Automatiofirstprojrct_april.Automatiofirstprojrct_april.AppTest" name="ChangeTheWebsitelanaguage" time="0.522"/>
  <testcase classname="Automatiofirstprojrct_april.Automatiofirstprojrct_april.AppTest" name="CheckQitaflogo" time="0.0">
    <ignored/>
  </testcase> <!-- CheckQitaflogo -->
  <testcase classname="Automatiofirstprojrct_april.Automatiofirstprojrct_april.AppTest" name="CheckHotelIsNotSelectd" time="0.0">
    <ignored/>
  </testcase> <!-- CheckHotelIsNotSelectd -->
  <testcase classname="Automatiofirstprojrct_april.Automatiofirstprojrct_april.AppTest" name="CheckWebsiteLanaguge" time="0.0">
    <ignored/>
  </testcase> <!-- CheckWebsiteLanaguge -->
  <testcase classname="Automatiofirstprojrct_april.Automatiofirstprojrct_april.AppTest" name="FlightDepatureDate" time="0.0">
    <ignored/>
  </testcase> <!-- FlightDepatureDate -->
  <testcase classname="Automatiofirstprojrct_april.Automatiofirstprojrct_april.AppTest" name="FlightReturnDate" time="0.0">
    <ignored/>
  </testcase> <!-- FlightReturnDate -->
  <testcase classname="Automatiofirstprojrct_april.Automatiofirstprojrct_april.AppTest" name="CheckContactNumber" time="0.0">
    <ignored/>
  </testcase> <!-- CheckContactNumber -->
  <testcase classname="Automatiofirstprojrct_april.Automatiofirstprojrct_april.AppTest" name="CheckCurrency" time="0.0">
    <ignored/>
  </testcase> <!-- CheckCurrency -->
</testsuite> <!-- Default test -->
