<?xml version="1.0" encoding="UTF-8"?>
<testng-results ignored="7" total="17" passed="10" failed="0" skipped="0">
  <reporter-output>
  </reporter-output>
  <suite started-at="2025-05-04T17:00:02 EET" name="Default suite" finished-at="2025-05-04T17:00:13 EET" duration-ms="11119">
    <groups>
    </groups>
    <test started-at="2025-05-04T17:00:02 EET" name="Default test" finished-at="2025-05-04T17:00:13 EET" duration-ms="11119">
      <class name="Automatiofirstprojrct_april.Automatiofirstprojrct_april.AppTest">
        <test-method is-config="true" signature="mySetup()[pri:0, instance:Automatiofirstprojrct_april.Automatiofirstprojrct_april.AppTest@2ceb80a1]" started-at="2025-05-04T17:00:02 EET" name="mySetup" finished-at="2025-05-04T17:00:07 EET" duration-ms="4898" status="PASS">
          <reporter-output>
          </reporter-output>
        </test-method> <!-- mySetup -->
        <test-method signature="ChangeTheWebsitelanaguage()[pri:8, instance:Automatiofirstprojrct_april.Automatiofirstprojrct_april.AppTest@2ceb80a1]" started-at="2025-05-04T17:00:07 EET" name="ChangeTheWebsitelanaguage" finished-at="2025-05-04T17:00:08 EET" duration-ms="1097" status="PASS">
          <reporter-output>
          </reporter-output>
        </test-method> <!-- ChangeTheWebsitelanaguage -->
        <test-method signature="ChangeTheWebsitelanaguage()[pri:8, instance:Automatiofirstprojrct_april.Automatiofirstprojrct_april.AppTest@2ceb80a1]" started-at="2025-05-04T17:00:08 EET" name="ChangeTheWebsitelanaguage" finished-at="2025-05-04T17:00:09 EET" duration-ms="464" status="PASS">
          <reporter-output>
          </reporter-output>
        </test-method> <!-- ChangeTheWebsitelanaguage -->
        <test-method signature="ChangeTheWebsitelanaguage()[pri:8, instance:Automatiofirstprojrct_april.Automatiofirstprojrct_april.AppTest@2ceb80a1]" started-at="2025-05-04T17:00:09 EET" name="ChangeTheWebsitelanaguage" finished-at="2025-05-04T17:00:09 EET" duration-ms="589" status="PASS">
          <reporter-output>
          </reporter-output>
        </test-method> <!-- ChangeTheWebsitelanaguage -->
        <test-method signature="ChangeTheWebsitelanaguage()[pri:8, instance:Automatiofirstprojrct_april.Automatiofirstprojrct_april.AppTest@2ceb80a1]" started-at="2025-05-04T17:00:09 EET" name="ChangeTheWebsitelanaguage" finished-at="2025-05-04T17:00:10 EET" duration-ms="490" status="PASS">
          <reporter-output>
          </reporter-output>
        </test-method> <!-- ChangeTheWebsitelanaguage -->
        <test-method signature="ChangeTheWebsitelanaguage()[pri:8, instance:Automatiofirstprojrct_april.Automatiofirstprojrct_april.AppTest@2ceb80a1]" started-at="2025-05-04T17:00:10 EET" name="ChangeTheWebsitelanaguage" finished-at="2025-05-04T17:00:10 EET" duration-ms="478" status="PASS">
          <reporter-output>
          </reporter-output>
        </test-method> <!-- ChangeTheWebsitelanaguage -->
        <test-method signature="ChangeTheWebsitelanaguage()[pri:8, instance:Automatiofirstprojrct_april.Automatiofirstprojrct_april.AppTest@2ceb80a1]" started-at="2025-05-04T17:00:10 EET" name="ChangeTheWebsitelanaguage" finished-at="2025-05-04T17:00:11 EET" duration-ms="651" status="PASS">
          <reporter-output>
          </reporter-output>
        </test-method> <!-- ChangeTheWebsitelanaguage -->
        <test-method signature="ChangeTheWebsitelanaguage()[pri:8, instance:Automatiofirstprojrct_april.Automatiofirstprojrct_april.AppTest@2ceb80a1]" started-at="2025-05-04T17:00:11 EET" name="ChangeTheWebsitelanaguage" finished-at="2025-05-04T17:00:11 EET" duration-ms="548" status="PASS">
          <reporter-output>
          </reporter-output>
        </test-method> <!-- ChangeTheWebsitelanaguage -->
        <test-method signature="ChangeTheWebsitelanaguage()[pri:8, instance:Automatiofirstprojrct_april.Automatiofirstprojrct_april.AppTest@2ceb80a1]" started-at="2025-05-04T17:00:11 EET" name="ChangeTheWebsitelanaguage" finished-at="2025-05-04T17:00:12 EET" duration-ms="745" status="PASS">
          <reporter-output>
          </reporter-output>
        </test-method> <!-- ChangeTheWebsitelanaguage -->
        <test-method signature="ChangeTheWebsitelanaguage()[pri:8, instance:Automatiofirstprojrct_april.Automatiofirstprojrct_april.AppTest@2ceb80a1]" started-at="2025-05-04T17:00:12 EET" name="ChangeTheWebsitelanaguage" finished-at="2025-05-04T17:00:13 EET" duration-ms="568" status="PASS">
          <reporter-output>
          </reporter-output>
        </test-method> <!-- ChangeTheWebsitelanaguage -->
        <test-method signature="ChangeTheWebsitelanaguage()[pri:8, instance:Automatiofirstprojrct_april.Automatiofirstprojrct_april.AppTest@2ceb80a1]" started-at="2025-05-04T17:00:13 EET" name="ChangeTheWebsitelanaguage" finished-at="2025-05-04T17:00:13 EET" duration-ms="522" status="PASS">
          <reporter-output>
          </reporter-output>
        </test-method> <!-- ChangeTheWebsitelanaguage -->
        <test-method is-config="true" signature="AftermyTest()[pri:0, instance:Automatiofirstprojrct_april.Automatiofirstprojrct_april.AppTest@2ceb80a1]" started-at="2025-05-04T17:00:13 EET" name="AftermyTest" finished-at="2025-05-04T17:00:13 EET" duration-ms="1" status="PASS">
          <reporter-output>
          </reporter-output>
        </test-method> <!-- AftermyTest -->
      </class> <!-- Automatiofirstprojrct_april.Automatiofirstprojrct_april.AppTest -->
    </test> <!-- Default test -->
  </suite> <!-- Default suite -->
</testng-results>
